# Logfile created on Mon Apr 27 17:27:03 -0300 2009

Processing HomeController#index (for 127.0.0.1 at 2009-04-28 00:07:26) [GET]
Rendering template within layouts/application
Rendering home/index
Completed in 124ms (View: 82, DB: 0) | 200 OK [http://localhost/]


Processing ComposersController#index (for 127.0.0.1 at 2009-04-28 00:07:29) [GET]
Redirected to http://localhost:3000/session/new
Filter chain halted as [:login_required] rendered_or_redirected.
Completed in 2ms (DB: 0) | 302 Found [http://localhost/composers]


Processing SessionsController#new (for 127.0.0.1 at 2009-04-28 00:07:29) [GET]
Rendering template within layouts/application
Rendering sessions/new
Completed in 21ms (View: 16, DB: 0) | 200 OK [http://localhost/session/new]


Processing SessionsController#create (for 127.0.0.1 at 2009-04-28 00:07:35) [POST]
  Parameters: {"commit"=>"Log in", "login"=>"boolean", "password"=>"pedoman"}
  [4;36;1mUser Load (0.8ms)[0m   [0;1mSELECT * FROM "users" WHERE ("users"."login" = 'boolean') LIMIT 1[0m
Redirected to http://localhost:3000/composers
Completed in 51ms (DB: 1) | 302 Found [http://localhost/session]


Processing ComposersController#index (for 127.0.0.1 at 2009-04-28 00:07:35) [GET]
  [4;35;1mUser Load (0.6ms)[0m   [0mSELECT * FROM "users" WHERE ("users"."id" = 1) LIMIT 1[0m

NoMethodError (You have a nil object when you didn't expect it!
The error occurred while evaluating nil.locale_name):
  app/controllers/application_controller.rb:16:in `set_locale'
  /usr/lib/ruby/1.8/mongrel.rb:159:in `process_client'
  /usr/lib/ruby/1.8/mongrel.rb:158:in `each'
  /usr/lib/ruby/1.8/mongrel.rb:158:in `process_client'
  /usr/lib/ruby/1.8/mongrel.rb:285:in `run'
  /usr/lib/ruby/1.8/mongrel.rb:285:in `initialize'
  /usr/lib/ruby/1.8/mongrel.rb:285:in `new'
  /usr/lib/ruby/1.8/mongrel.rb:285:in `run'
  /usr/lib/ruby/1.8/mongrel.rb:268:in `initialize'
  /usr/lib/ruby/1.8/mongrel.rb:268:in `new'
  /usr/lib/ruby/1.8/mongrel.rb:268:in `run'

Rendered rescues/_trace (133.9ms)
Rendered rescues/_request_and_response (2.0ms)
Rendering rescues/layout (internal_server_error)


Processing ComposersController#index (for 127.0.0.1 at 2009-04-28 00:08:33) [GET]
  [4;36;1mUser Load (0.7ms)[0m   [0;1mSELECT * FROM "users" WHERE ("users"."id" = 1) LIMIT 1[0m

NoMethodError (You have a nil object when you didn't expect it!
The error occurred while evaluating nil.locale_name):
  app/controllers/application_controller.rb:16:in `set_locale'
  /usr/lib/ruby/1.8/mongrel.rb:159:in `process_client'
  /usr/lib/ruby/1.8/mongrel.rb:158:in `each'
  /usr/lib/ruby/1.8/mongrel.rb:158:in `process_client'
  /usr/lib/ruby/1.8/mongrel.rb:285:in `run'
  /usr/lib/ruby/1.8/mongrel.rb:285:in `initialize'
  /usr/lib/ruby/1.8/mongrel.rb:285:in `new'
  /usr/lib/ruby/1.8/mongrel.rb:285:in `run'
  /usr/lib/ruby/1.8/mongrel.rb:268:in `initialize'
  /usr/lib/ruby/1.8/mongrel.rb:268:in `new'
  /usr/lib/ruby/1.8/mongrel.rb:268:in `run'

Rendered rescues/_trace (48.5ms)
Rendered rescues/_request_and_response (0.4ms)
Rendering rescues/layout (internal_server_error)


Processing ComposersController#index (for 127.0.0.1 at 2009-04-28 00:08:49) [GET]
  [4;35;1mUser Load (0.7ms)[0m   [0mSELECT * FROM "users" WHERE ("users"."id" = 1) LIMIT 1[0m

NoMethodError (You have a nil object when you didn't expect it!
The error occurred while evaluating nil.locale_name):
  app/controllers/application_controller.rb:16:in `set_locale'
  /usr/lib/ruby/1.8/mongrel.rb:159:in `process_client'
  /usr/lib/ruby/1.8/mongrel.rb:158:in `each'
  /usr/lib/ruby/1.8/mongrel.rb:158:in `process_client'
  /usr/lib/ruby/1.8/mongrel.rb:285:in `run'
  /usr/lib/ruby/1.8/mongrel.rb:285:in `initialize'
  /usr/lib/ruby/1.8/mongrel.rb:285:in `new'
  /usr/lib/ruby/1.8/mongrel.rb:285:in `run'
  /usr/lib/ruby/1.8/mongrel.rb:268:in `initialize'
  /usr/lib/ruby/1.8/mongrel.rb:268:in `new'
  /usr/lib/ruby/1.8/mongrel.rb:268:in `run'

Rendered rescues/_trace (50.7ms)
Rendered rescues/_request_and_response (0.5ms)
Rendering rescues/layout (internal_server_error)


Processing ComposersController#index (for 127.0.0.1 at 2009-04-28 00:08:50) [GET]
  [4;36;1mUser Load (0.7ms)[0m   [0;1mSELECT * FROM "users" WHERE ("users"."id" = 1) LIMIT 1[0m

NoMethodError (You have a nil object when you didn't expect it!
The error occurred while evaluating nil.locale_name):
  app/controllers/application_controller.rb:16:in `set_locale'
  /usr/lib/ruby/1.8/mongrel.rb:159:in `process_client'
  /usr/lib/ruby/1.8/mongrel.rb:158:in `each'
  /usr/lib/ruby/1.8/mongrel.rb:158:in `process_client'
  /usr/lib/ruby/1.8/mongrel.rb:285:in `run'
  /usr/lib/ruby/1.8/mongrel.rb:285:in `initialize'
  /usr/lib/ruby/1.8/mongrel.rb:285:in `new'
  /usr/lib/ruby/1.8/mongrel.rb:285:in `run'
  /usr/lib/ruby/1.8/mongrel.rb:268:in `initialize'
  /usr/lib/ruby/1.8/mongrel.rb:268:in `new'
  /usr/lib/ruby/1.8/mongrel.rb:268:in `run'

Rendered rescues/_trace (50.3ms)
Rendered rescues/_request_and_response (0.5ms)
Rendering rescues/layout (internal_server_error)


Processing ComposersController#index (for 127.0.0.1 at 2009-04-28 00:09:19) [GET]
  [4;36;1mUser Load (0.7ms)[0m   [0;1mSELECT * FROM "users" WHERE ("users"."id" = 1) LIMIT 1[0m

NoMethodError (You have a nil object when you didn't expect it!
The error occurred while evaluating nil.locale_name):
  app/controllers/application_controller.rb:16:in `set_locale'
  /usr/lib/ruby/1.8/mongrel.rb:159:in `process_client'
  /usr/lib/ruby/1.8/mongrel.rb:158:in `each'
  /usr/lib/ruby/1.8/mongrel.rb:158:in `process_client'
  /usr/lib/ruby/1.8/mongrel.rb:285:in `run'
  /usr/lib/ruby/1.8/mongrel.rb:285:in `initialize'
  /usr/lib/ruby/1.8/mongrel.rb:285:in `new'
  /usr/lib/ruby/1.8/mongrel.rb:285:in `run'
  /usr/lib/ruby/1.8/mongrel.rb:268:in `initialize'
  /usr/lib/ruby/1.8/mongrel.rb:268:in `new'
  /usr/lib/ruby/1.8/mongrel.rb:268:in `run'

Rendered rescues/_trace (129.9ms)
Rendered rescues/_request_and_response (2.1ms)
Rendering rescues/layout (internal_server_error)


Processing ComposersController#index (for 127.0.0.1 at 2009-04-28 00:09:20) [GET]
  [4;35;1mUser Load (0.7ms)[0m   [0mSELECT * FROM "users" WHERE ("users"."id" = 1) LIMIT 1[0m

NoMethodError (You have a nil object when you didn't expect it!
The error occurred while evaluating nil.locale_name):
  app/controllers/application_controller.rb:16:in `set_locale'
  /usr/lib/ruby/1.8/mongrel.rb:159:in `process_client'
  /usr/lib/ruby/1.8/mongrel.rb:158:in `each'
  /usr/lib/ruby/1.8/mongrel.rb:158:in `process_client'
  /usr/lib/ruby/1.8/mongrel.rb:285:in `run'
  /usr/lib/ruby/1.8/mongrel.rb:285:in `initialize'
  /usr/lib/ruby/1.8/mongrel.rb:285:in `new'
  /usr/lib/ruby/1.8/mongrel.rb:285:in `run'
  /usr/lib/ruby/1.8/mongrel.rb:268:in `initialize'
  /usr/lib/ruby/1.8/mongrel.rb:268:in `new'
  /usr/lib/ruby/1.8/mongrel.rb:268:in `run'

Rendered rescues/_trace (50.0ms)
Rendered rescues/_request_and_response (0.4ms)
Rendering rescues/layout (internal_server_error)


Processing ComposersController#index (for 127.0.0.1 at 2009-04-28 00:09:21) [GET]
  [4;36;1mUser Load (0.7ms)[0m   [0;1mSELECT * FROM "users" WHERE ("users"."id" = 1) LIMIT 1[0m

NoMethodError (You have a nil object when you didn't expect it!
The error occurred while evaluating nil.locale_name):
  app/controllers/application_controller.rb:16:in `set_locale'
  /usr/lib/ruby/1.8/mongrel.rb:159:in `process_client'
  /usr/lib/ruby/1.8/mongrel.rb:158:in `each'
  /usr/lib/ruby/1.8/mongrel.rb:158:in `process_client'
  /usr/lib/ruby/1.8/mongrel.rb:285:in `run'
  /usr/lib/ruby/1.8/mongrel.rb:285:in `initialize'
  /usr/lib/ruby/1.8/mongrel.rb:285:in `new'
  /usr/lib/ruby/1.8/mongrel.rb:285:in `run'
  /usr/lib/ruby/1.8/mongrel.rb:268:in `initialize'
  /usr/lib/ruby/1.8/mongrel.rb:268:in `new'
  /usr/lib/ruby/1.8/mongrel.rb:268:in `run'

Rendered rescues/_trace (140.5ms)
Rendered rescues/_request_and_response (0.5ms)
Rendering rescues/layout (internal_server_error)


Processing ComposersController#index (for 127.0.0.1 at 2009-04-28 00:09:22) [GET]
  [4;35;1mUser Load (1.1ms)[0m   [0mSELECT * FROM "users" WHERE ("users"."id" = 1) LIMIT 1[0m

NoMethodError (You have a nil object when you didn't expect it!
The error occurred while evaluating nil.locale_name):
  app/controllers/application_controller.rb:16:in `set_locale'
  /usr/lib/ruby/1.8/mongrel.rb:159:in `process_client'
  /usr/lib/ruby/1.8/mongrel.rb:158:in `each'
  /usr/lib/ruby/1.8/mongrel.rb:158:in `process_client'
  /usr/lib/ruby/1.8/mongrel.rb:285:in `run'
  /usr/lib/ruby/1.8/mongrel.rb:285:in `initialize'
  /usr/lib/ruby/1.8/mongrel.rb:285:in `new'
  /usr/lib/ruby/1.8/mongrel.rb:285:in `run'
  /usr/lib/ruby/1.8/mongrel.rb:268:in `initialize'
  /usr/lib/ruby/1.8/mongrel.rb:268:in `new'
  /usr/lib/ruby/1.8/mongrel.rb:268:in `run'

Rendered rescues/_trace (48.9ms)
Rendered rescues/_request_and_response (0.4ms)
Rendering rescues/layout (internal_server_error)


Processing ComposersController#index (for 127.0.0.1 at 2009-04-28 00:09:22) [GET]
  [4;36;1mUser Load (0.7ms)[0m   [0;1mSELECT * FROM "users" WHERE ("users"."id" = 1) LIMIT 1[0m

NoMethodError (You have a nil object when you didn't expect it!
The error occurred while evaluating nil.locale_name):
  app/controllers/application_controller.rb:16:in `set_locale'
  /usr/lib/ruby/1.8/mongrel.rb:159:in `process_client'
  /usr/lib/ruby/1.8/mongrel.rb:158:in `each'
  /usr/lib/ruby/1.8/mongrel.rb:158:in `process_client'
  /usr/lib/ruby/1.8/mongrel.rb:285:in `run'
  /usr/lib/ruby/1.8/mongrel.rb:285:in `initialize'
  /usr/lib/ruby/1.8/mongrel.rb:285:in `new'
  /usr/lib/ruby/1.8/mongrel.rb:285:in `run'
  /usr/lib/ruby/1.8/mongrel.rb:268:in `initialize'
  /usr/lib/ruby/1.8/mongrel.rb:268:in `new'
  /usr/lib/ruby/1.8/mongrel.rb:268:in `run'

Rendered rescues/_trace (52.1ms)
Rendered rescues/_request_and_response (0.4ms)
Rendering rescues/layout (internal_server_error)


Processing ComposersController#index (for 127.0.0.1 at 2009-04-28 00:09:23) [GET]
  [4;35;1mUser Load (0.7ms)[0m   [0mSELECT * FROM "users" WHERE ("users"."id" = 1) LIMIT 1[0m

NoMethodError (You have a nil object when you didn't expect it!
The error occurred while evaluating nil.locale_name):
  app/controllers/application_controller.rb:16:in `set_locale'
  /usr/lib/ruby/1.8/mongrel.rb:159:in `process_client'
  /usr/lib/ruby/1.8/mongrel.rb:158:in `each'
  /usr/lib/ruby/1.8/mongrel.rb:158:in `process_client'
  /usr/lib/ruby/1.8/mongrel.rb:285:in `run'
  /usr/lib/ruby/1.8/mongrel.rb:285:in `initialize'
  /usr/lib/ruby/1.8/mongrel.rb:285:in `new'
  /usr/lib/ruby/1.8/mongrel.rb:285:in `run'
  /usr/lib/ruby/1.8/mongrel.rb:268:in `initialize'
  /usr/lib/ruby/1.8/mongrel.rb:268:in `new'
  /usr/lib/ruby/1.8/mongrel.rb:268:in `run'

Rendered rescues/_trace (47.2ms)
Rendered rescues/_request_and_response (0.4ms)
Rendering rescues/layout (internal_server_error)


Processing ComposersController#index (for 127.0.0.1 at 2009-04-28 00:10:04) [GET]
  [4;36;1mUser Load (0.7ms)[0m   [0;1mSELECT * FROM "users" WHERE ("users"."id" = 1) LIMIT 1[0m

NoMethodError (You have a nil object when you didn't expect it!
The error occurred while evaluating nil.locale_name):
  app/controllers/application_controller.rb:16:in `set_locale'
  /usr/lib/ruby/1.8/mongrel.rb:159:in `process_client'
  /usr/lib/ruby/1.8/mongrel.rb:158:in `each'
  /usr/lib/ruby/1.8/mongrel.rb:158:in `process_client'
  /usr/lib/ruby/1.8/mongrel.rb:285:in `run'
  /usr/lib/ruby/1.8/mongrel.rb:285:in `initialize'
  /usr/lib/ruby/1.8/mongrel.rb:285:in `new'
  /usr/lib/ruby/1.8/mongrel.rb:285:in `run'
  /usr/lib/ruby/1.8/mongrel.rb:268:in `initialize'
  /usr/lib/ruby/1.8/mongrel.rb:268:in `new'
  /usr/lib/ruby/1.8/mongrel.rb:268:in `run'

Rendered rescues/_trace (57.5ms)
Rendered rescues/_request_and_response (0.4ms)
Rendering rescues/layout (internal_server_error)


Processing ComposersController#index (for 127.0.0.1 at 2009-04-28 00:10:05) [GET]
  [4;35;1mUser Load (0.7ms)[0m   [0mSELECT * FROM "users" WHERE ("users"."id" = 1) LIMIT 1[0m

NoMethodError (You have a nil object when you didn't expect it!
The error occurred while evaluating nil.locale_name):
  app/controllers/application_controller.rb:16:in `set_locale'
  /usr/lib/ruby/1.8/mongrel.rb:159:in `process_client'
  /usr/lib/ruby/1.8/mongrel.rb:158:in `each'
  /usr/lib/ruby/1.8/mongrel.rb:158:in `process_client'
  /usr/lib/ruby/1.8/mongrel.rb:285:in `run'
  /usr/lib/ruby/1.8/mongrel.rb:285:in `initialize'
  /usr/lib/ruby/1.8/mongrel.rb:285:in `new'
  /usr/lib/ruby/1.8/mongrel.rb:285:in `run'
  /usr/lib/ruby/1.8/mongrel.rb:268:in `initialize'
  /usr/lib/ruby/1.8/mongrel.rb:268:in `new'
  /usr/lib/ruby/1.8/mongrel.rb:268:in `run'

Rendered rescues/_trace (49.8ms)
Rendered rescues/_request_and_response (0.4ms)
Rendering rescues/layout (internal_server_error)


Processing ComposersController#index (for 127.0.0.1 at 2009-04-28 00:10:20) [GET]
  [4;36;1mUser Load (0.8ms)[0m   [0;1mSELECT * FROM "users" WHERE ("users"."id" = 1) LIMIT 1[0m
  [4;35;1mComposer Load (0.4ms)[0m   [0mSELECT * FROM "composers" WHERE (first_name LIKE '%%' OR last_name LIKE '%%') ORDER BY last_name[0m
Rendering template within layouts/application
Rendering composers/index
Completed in 68ms (View: 35, DB: 1) | 200 OK [http://localhost/composers]


Processing ComposersController#index (for 127.0.0.1 at 2009-04-28 00:10:43) [GET]
  [4;36;1mUser Load (1.1ms)[0m   [0;1mSELECT * FROM "users" WHERE ("users"."id" = 1) LIMIT 1[0m
  [4;35;1mComposer Load (0.4ms)[0m   [0mSELECT * FROM "composers" WHERE (first_name LIKE '%%' OR last_name LIKE '%%') ORDER BY last_name[0m
Rendering template within layouts/application
Rendering composers/index
Completed in 41ms (View: 11, DB: 2) | 200 OK [http://localhost/composers]


Processing ObraTypesController#index (for 127.0.0.1 at 2009-04-28 00:10:46) [GET]
  [4;36;1mUser Load (0.7ms)[0m   [0;1mSELECT * FROM "users" WHERE ("users"."id" = 1) LIMIT 1[0m
  [4;35;1mObraType Load (0.4ms)[0m   [0mSELECT * FROM "obra_types" WHERE (name like '%%') ORDER BY name[0m
Rendering template within layouts/application
Rendering obra_types/index
Completed in 50ms (View: 18, DB: 1) | 200 OK [http://localhost/obra_types]


Processing SolistsController#index (for 127.0.0.1 at 2009-04-28 00:10:48) [GET]
  [4;36;1mUser Load (0.6ms)[0m   [0;1mSELECT * FROM "users" WHERE ("users"."id" = 1) LIMIT 1[0m
  [4;35;1mSolist Load (0.4ms)[0m   [0mSELECT * FROM "solists" WHERE (name like '%%') ORDER BY name[0m
Rendering template within layouts/application
Rendering solists/index
Completed in 46ms (View: 18, DB: 1) | 200 OK [http://localhost/solists]


Processing DirectorsController#index (for 127.0.0.1 at 2009-04-28 00:10:49) [GET]
  [4;36;1mUser Load (0.7ms)[0m   [0;1mSELECT * FROM "users" WHERE ("users"."id" = 1) LIMIT 1[0m
  [4;35;1mDirector Load (0.6ms)[0m   [0mSELECT * FROM "directors" WHERE (name like '%%') ORDER BY name[0m
Rendering template within layouts/application
Rendering directors/index
Completed in 47ms (View: 18, DB: 1) | 200 OK [http://localhost/directors]


Processing SolistsController#index (for 127.0.0.1 at 2009-04-28 00:10:51) [GET]
  [4;36;1mUser Load (0.7ms)[0m   [0;1mSELECT * FROM "users" WHERE ("users"."id" = 1) LIMIT 1[0m
  [4;35;1mSolist Load (0.4ms)[0m   [0mSELECT * FROM "solists" WHERE (name like '%%') ORDER BY name[0m
Rendering template within layouts/application
Rendering solists/index
Completed in 41ms (View: 10, DB: 1) | 200 OK [http://localhost/solists]


Processing ObraTypesController#index (for 127.0.0.1 at 2009-04-28 00:10:53) [GET]
  [4;36;1mUser Load (0.7ms)[0m   [0;1mSELECT * FROM "users" WHERE ("users"."id" = 1) LIMIT 1[0m
  [4;35;1mObraType Load (0.5ms)[0m   [0mSELECT * FROM "obra_types" WHERE (name like '%%') ORDER BY name[0m
Rendering template within layouts/application
Rendering obra_types/index
Completed in 42ms (View: 11, DB: 1) | 200 OK [http://localhost/obra_types]


Processing ComposersController#index (for 127.0.0.1 at 2009-04-28 00:10:55) [GET]
  [4;36;1mUser Load (0.7ms)[0m   [0;1mSELECT * FROM "users" WHERE ("users"."id" = 1) LIMIT 1[0m
  [4;35;1mComposer Load (0.4ms)[0m   [0mSELECT * FROM "composers" WHERE (first_name LIKE '%%' OR last_name LIKE '%%') ORDER BY last_name[0m
Rendering template within layouts/application
Rendering composers/index
Completed in 39ms (View: 11, DB: 1) | 200 OK [http://localhost/composers]


Processing AlbumsController#index (for 127.0.0.1 at 2009-04-28 00:10:56) [GET]
  [4;36;1mUser Load (1.0ms)[0m   [0;1mSELECT * FROM "users" WHERE ("users"."id" = 1) LIMIT 1[0m
  [4;35;1mAlbum Load (0.4ms)[0m   [0mSELECT * FROM "albums" [0m
Rendering template within layouts/application
Rendering albums/index
Completed in 58ms (View: 19, DB: 1) | 200 OK [http://localhost/albums]


Processing ComposersController#index (for 127.0.0.1 at 2009-04-28 00:19:02) [GET]
  [4;36;1mUser Load (1.5ms)[0m   [0;1mSELECT * FROM "users" WHERE ("users"."id" = 1) LIMIT 1[0m
  [4;35;1mComposer Load (0.4ms)[0m   [0mSELECT * FROM "composers" WHERE (first_name LIKE '%%' OR last_name LIKE '%%') ORDER BY last_name[0m
Rendering template within layouts/application
Rendering composers/index
Completed in 57ms (View: 11, DB: 2) | 200 OK [http://localhost/composers]


Processing ObraTypesController#index (for 127.0.0.1 at 2009-04-28 00:19:04) [GET]
  [4;36;1mUser Load (0.9ms)[0m   [0;1mSELECT * FROM "users" WHERE ("users"."id" = 1) LIMIT 1[0m
  [4;35;1mObraType Load (0.4ms)[0m   [0mSELECT * FROM "obra_types" WHERE (name like '%%') ORDER BY name[0m
Rendering template within layouts/application
Rendering obra_types/index
Completed in 124ms (View: 11, DB: 1) | 200 OK [http://localhost/obra_types]


Processing SolistsController#index (for 127.0.0.1 at 2009-04-28 00:19:05) [GET]
  [4;36;1mUser Load (1.2ms)[0m   [0;1mSELECT * FROM "users" WHERE ("users"."id" = 1) LIMIT 1[0m
  [4;35;1mSolist Load (0.6ms)[0m   [0mSELECT * FROM "solists" WHERE (name like '%%') ORDER BY name[0m
Rendering template within layouts/application
Rendering solists/index
Completed in 71ms (View: 15, DB: 2) | 200 OK [http://localhost/solists]


Processing DirectorsController#index (for 127.0.0.1 at 2009-04-28 00:19:06) [GET]
  [4;36;1mUser Load (0.6ms)[0m   [0;1mSELECT * FROM "users" WHERE ("users"."id" = 1) LIMIT 1[0m
  [4;35;1mDirector Load (0.4ms)[0m   [0mSELECT * FROM "directors" WHERE (name like '%%') ORDER BY name[0m
Rendering template within layouts/application
Rendering directors/index
Completed in 39ms (View: 11, DB: 1) | 200 OK [http://localhost/directors]


Processing OrchestrasController#index (for 127.0.0.1 at 2009-04-28 00:19:07) [GET]
  [4;36;1mUser Load (1.1ms)[0m   [0;1mSELECT * FROM "users" WHERE ("users"."id" = 1) LIMIT 1[0m
  [4;35;1mOrchestra Load (0.4ms)[0m   [0mSELECT * FROM "orchestras" WHERE (name like '%%') ORDER BY name[0m
Rendering template within layouts/application
Rendering orchestras/index
Completed in 137ms (View: 20, DB: 2) | 200 OK [http://localhost/orchestras]


Processing InstrumentsController#index (for 127.0.0.1 at 2009-04-28 00:19:08) [GET]
  [4;36;1mUser Load (1.4ms)[0m   [0;1mSELECT * FROM "users" WHERE ("users"."id" = 1) LIMIT 1[0m
  [4;35;1mInstrument Load (0.4ms)[0m   [0mSELECT * FROM "instruments" WHERE (name like '%%') ORDER BY name[0m
Rendering template within layouts/application
Rendering instruments/index
Completed in 72ms (View: 19, DB: 2) | 200 OK [http://localhost/instruments]


Processing AlbumsController#index (for 127.0.0.1 at 2009-04-28 00:19:11) [GET]
  [4;36;1mUser Load (0.7ms)[0m   [0;1mSELECT * FROM "users" WHERE ("users"."id" = 1) LIMIT 1[0m
  [4;35;1mAlbum Load (0.3ms)[0m   [0mSELECT * FROM "albums" [0m
Rendering template within layouts/application
Rendering albums/index
Completed in 42ms (View: 10, DB: 1) | 200 OK [http://localhost/albums]


Processing AlbumsController#index (for 127.0.0.1 at 2009-04-28 00:20:52) [GET]
  [4;36;1mUser Load (0.8ms)[0m   [0;1mSELECT * FROM "users" WHERE ("users"."id" = 1) LIMIT 1[0m
  [4;35;1mAlbum Load (0.4ms)[0m   [0mSELECT * FROM "albums" [0m
Rendering template within layouts/application
Rendering albums/index
Completed in 57ms (View: 22, DB: 1) | 200 OK [http://localhost/albums]


Processing AlbumsController#index (for 127.0.0.1 at 2009-04-28 00:21:58) [GET]
  [4;36;1mUser Load (0.7ms)[0m   [0;1mSELECT * FROM "users" WHERE ("users"."id" = 1) LIMIT 1[0m
  [4;35;1mAlbum Load (0.3ms)[0m   [0mSELECT * FROM "albums" [0m
Rendering template within layouts/application
Rendering albums/index
Completed in 56ms (View: 18, DB: 1) | 200 OK [http://localhost/albums]


Processing AlbumsController#index (for 127.0.0.1 at 2009-04-28 00:23:15) [GET]
  [4;36;1mUser Load (0.9ms)[0m   [0;1mSELECT * FROM "users" WHERE ("users"."id" = 1) LIMIT 1[0m
  [4;35;1mAlbum Load (0.4ms)[0m   [0mSELECT * FROM "albums" [0m
Rendering template within layouts/application
Rendering albums/index
Completed in 150ms (View: 21, DB: 1) | 200 OK [http://localhost/albums]


Processing AlbumsController#index (for 127.0.0.1 at 2009-04-28 00:23:17) [GET]
  [4;36;1mUser Load (0.7ms)[0m   [0;1mSELECT * FROM "users" WHERE ("users"."id" = 1) LIMIT 1[0m
  [4;35;1mAlbum Load (0.4ms)[0m   [0mSELECT * FROM "albums" [0m
Rendering template within layouts/application
Rendering albums/index
Completed in 46ms (View: 14, DB: 1) | 200 OK [http://localhost/albums]


Processing AlbumsController#index (for 127.0.0.1 at 2009-04-28 00:23:20) [GET]
  [4;36;1mUser Load (1.7ms)[0m   [0;1mSELECT * FROM "users" WHERE ("users"."id" = 1) LIMIT 1[0m
  [4;35;1mAlbum Load (0.4ms)[0m   [0mSELECT * FROM "albums" [0m
Rendering template within layouts/application
Rendering albums/index
Completed in 70ms (View: 13, DB: 2) | 200 OK [http://localhost/albums]


Processing AlbumsController#index (for 127.0.0.1 at 2009-04-28 00:23:48) [GET]
  [4;36;1mUser Load (0.7ms)[0m   [0;1mSELECT * FROM "users" WHERE ("users"."id" = 1) LIMIT 1[0m
  [4;35;1mAlbum Load (0.4ms)[0m   [0mSELECT * FROM "albums" [0m
Rendering template within layouts/application
Rendering albums/index
Completed in 54ms (View: 19, DB: 1) | 200 OK [http://localhost/albums]


Processing SessionsController#destroy (for 127.0.0.1 at 2009-04-28 00:23:50) [GET]
  [4;36;1mUser Load (0.7ms)[0m   [0;1mSELECT * FROM "users" WHERE ("users"."id" = 1) LIMIT 1[0m
Redirected to http://localhost:3000/
Completed in 34ms (DB: 1) | 302 Found [http://localhost/logout]


Processing HomeController#index (for 127.0.0.1 at 2009-04-28 00:23:50) [GET]
Rendering template within layouts/application
Rendering home/index
Completed in 119ms (View: 114, DB: 0) | 200 OK [http://localhost/]


Processing SessionsController#new (for 127.0.0.1 at 2009-04-28 00:23:56) [GET]
Rendering template within layouts/application
Rendering sessions/new
Completed in 20ms (View: 16, DB: 0) | 200 OK [http://localhost/login]


Processing SessionsController#create (for 127.0.0.1 at 2009-04-28 00:24:03) [POST]
  Parameters: {"commit"=>"Log in", "login"=>"boolean", "password"=>"pedoman"}
  [4;35;1mUser Load (1.1ms)[0m   [0mSELECT * FROM "users" WHERE ("users"."login" = 'boolean') LIMIT 1[0m
Redirected to http://localhost:3000/
Completed in 22ms (DB: 1) | 302 Found [http://localhost/session]


Processing HomeController#index (for 127.0.0.1 at 2009-04-28 00:24:03) [GET]
  [4;36;1mUser Load (0.7ms)[0m   [0;1mSELECT * FROM "users" WHERE ("users"."id" = 1) LIMIT 1[0m
Rendering template within layouts/application
Rendering home/index
Completed in 43ms (View: 11, DB: 1) | 200 OK [http://localhost/]


Processing HomeController#index (for 127.0.0.1 at 2009-04-28 00:26:32) [GET]
  [4;35;1mUser Load (0.7ms)[0m   [0mSELECT * FROM "users" WHERE ("users"."id" = 1) LIMIT 1[0m
Rendering template within layouts/application
Rendering home/index
Completed in 35ms (View: 11, DB: 1) | 200 OK [http://localhost/]


Processing HomeController#index (for 127.0.0.1 at 2009-04-28 00:26:44) [GET]
  [4;36;1mUser Load (1.1ms)[0m   [0;1mSELECT * FROM "users" WHERE ("users"."id" = 1) LIMIT 1[0m
Rendering template within layouts/application
Rendering home/index
Completed in 59ms (View: 12, DB: 1) | 200 OK [http://localhost/]


Processing HomeController#index (for 127.0.0.1 at 2009-04-28 00:27:15) [GET]
  [4;35;1mUser Load (0.7ms)[0m   [0mSELECT * FROM "users" WHERE ("users"."id" = 1) LIMIT 1[0m
Rendering template within layouts/application
Rendering home/index
Completed in 42ms (View: 19, DB: 1) | 200 OK [http://localhost/]


Processing HomeController#index (for 127.0.0.1 at 2009-04-28 00:27:46) [GET]
  [4;36;1mUser Load (0.7ms)[0m   [0;1mSELECT * FROM "users" WHERE ("users"."id" = 1) LIMIT 1[0m
Rendering template within layouts/application
Rendering home/index
Completed in 35ms (View: 11, DB: 1) | 200 OK [http://localhost/]


Processing HomeController#index (for 127.0.0.1 at 2009-04-28 00:28:04) [GET]
  [4;35;1mUser Load (0.6ms)[0m   [0mSELECT * FROM "users" WHERE ("users"."id" = 1) LIMIT 1[0m
Rendering template within layouts/application
Rendering home/index
Completed in 41ms (View: 11, DB: 1) | 200 OK [http://localhost/]


Processing HomeController#index (for 127.0.0.1 at 2009-04-28 00:28:14) [GET]
  [4;36;1mUser Load (0.7ms)[0m   [0;1mSELECT * FROM "users" WHERE ("users"."id" = 1) LIMIT 1[0m
Rendering template within layouts/application
Rendering home/index
Completed in 40ms (View: 13, DB: 1) | 200 OK [http://localhost/]


Processing HomeController#index (for 127.0.0.1 at 2009-04-28 00:28:22) [GET]
  [4;35;1mUser Load (1.3ms)[0m   [0mSELECT * FROM "users" WHERE ("users"."id" = 1) LIMIT 1[0m
Rendering template within layouts/application
Rendering home/index
Completed in 49ms (View: 11, DB: 1) | 200 OK [http://localhost/]


Processing HomeController#index (for 127.0.0.1 at 2009-04-28 00:29:00) [GET]
  [4;36;1mUser Load (0.6ms)[0m   [0;1mSELECT * FROM "users" WHERE ("users"."id" = 1) LIMIT 1[0m
Rendering template within layouts/application
Rendering home/index
Completed in 46ms (View: 17, DB: 1) | 200 OK [http://localhost/]


Processing HomeController#index (for 127.0.0.1 at 2009-04-28 00:29:29) [GET]
  [4;35;1mUser Load (0.7ms)[0m   [0mSELECT * FROM "users" WHERE ("users"."id" = 1) LIMIT 1[0m
Rendering template within layouts/application
Rendering home/index
Completed in 68ms (View: 15, DB: 1) | 200 OK [http://localhost/]


Processing HomeController#index (for 127.0.0.1 at 2009-04-28 00:30:35) [GET]
  [4;36;1mUser Load (0.7ms)[0m   [0;1mSELECT * FROM "users" WHERE ("users"."id" = 1) LIMIT 1[0m
Rendering template within layouts/application
Rendering home/index
Completed in 33ms (View: 11, DB: 1) | 200 OK [http://localhost/]


Processing HomeController#index (for 127.0.0.1 at 2009-04-28 00:30:57) [GET]
  [4;35;1mUser Load (0.7ms)[0m   [0mSELECT * FROM "users" WHERE ("users"."id" = 1) LIMIT 1[0m
Rendering template within layouts/application
Rendering home/index
Completed in 135ms (View: 14, DB: 1) | 200 OK [http://localhost/]


Processing HomeController#index (for 127.0.0.1 at 2009-04-28 00:31:32) [GET]
  [4;36;1mUser Load (1.2ms)[0m   [0;1mSELECT * FROM "users" WHERE ("users"."id" = 1) LIMIT 1[0m
Rendering template within layouts/application
Rendering home/index
Completed in 57ms (View: 18, DB: 1) | 200 OK [http://localhost/]


Processing HomeController#index (for 127.0.0.1 at 2009-04-28 00:32:26) [GET]
  [4;35;1mUser Load (1.1ms)[0m   [0mSELECT * FROM "users" WHERE ("users"."id" = 1) LIMIT 1[0m
Rendering template within layouts/application
Rendering home/index
Completed in 119ms (View: 58, DB: 1) | 200 OK [http://localhost/]


Processing HomeController#index (for 127.0.0.1 at 2009-04-28 00:32:38) [GET]
  [4;36;1mUser Load (0.7ms)[0m   [0;1mSELECT * FROM "users" WHERE ("users"."id" = 1) LIMIT 1[0m
Rendering template within layouts/application
Rendering home/index
Completed in 46ms (View: 17, DB: 1) | 200 OK [http://localhost/]


Processing HomeController#index (for 127.0.0.1 at 2009-04-28 00:32:58) [GET]
  [4;35;1mUser Load (2.3ms)[0m   [0mSELECT * FROM "users" WHERE ("users"."id" = 1) LIMIT 1[0m
Rendering template within layouts/application
Rendering home/index
Completed in 35ms (View: 11, DB: 2) | 200 OK [http://localhost/]
